Determining if the pthread_create exist failed with the following output:
Change Dir: /home/aboo/2048/2048_template/src/cmake-build-debug/CMakeFiles/CMakeTmp

Run Build Command(s):/usr/bin/make cmTC_68891/fast 
/usr/bin/make -f CMakeFiles/cmTC_68891.dir/build.make CMakeFiles/cmTC_68891.dir/build
make[1]: Entering directory '/home/aboo/2048/2048_template/src/cmake-build-debug/CMakeFiles/CMakeTmp'
Building C object CMakeFiles/cmTC_68891.dir/CheckSymbolExists.c.o
/usr/bin/cc    -o CMakeFiles/cmTC_68891.dir/CheckSymbolExists.c.o   -c /home/aboo/2048/2048_template/src/cmake-build-debug/CMakeFiles/CMakeTmp/CheckSymbolExists.c
Linking C executable cmTC_68891
/home/aboo/Downloads/clion-2019.2.1/bin/cmake/linux/bin/cmake -E cmake_link_script CMakeFiles/cmTC_68891.dir/link.txt --verbose=1
/usr/bin/cc      -rdynamic CMakeFiles/cmTC_68891.dir/CheckSymbolExists.c.o  -o cmTC_68891 
CMakeFiles/cmTC_68891.dir/CheckSymbolExists.c.o: In function `main':
CheckSymbolExists.c:(.text+0x16): undefined reference to `pthread_create'
collect2: error: ld returned 1 exit status
CMakeFiles/cmTC_68891.dir/build.make:86: recipe for target 'cmTC_68891' failed
make[1]: *** [cmTC_68891] Error 1
make[1]: Leaving directory '/home/aboo/2048/2048_template/src/cmake-build-debug/CMakeFiles/CMakeTmp'
Makefile:121: recipe for target 'cmTC_68891/fast' failed
make: *** [cmTC_68891/fast] Error 2

File /home/aboo/2048/2048_template/src/cmake-build-debug/CMakeFiles/CMakeTmp/CheckSymbolExists.c:
/* */
#include <pthread.h>

int main(int argc, char** argv)
{
  (void)argv;
#ifndef pthread_create
  return ((int*)(&pthread_create))[argc];
#else
  (void)argc;
  return 0;
#endif
}

